<?xml version="1.0" encoding="UTF-8"?>
<testsuite name="Validar boton Cancelar Reserva" tests="2" skipped="0" failures="0" errors="0" timestamp="2022-04-29T18:36:23" hostname="DESKTOP-2BU34TH" time="0.051">
  <properties/>
  <testcase name="Validar que se pueda cancelar reserva" classname="Validar boton Cancelar Reserva" time="0.027"/>
  <testcase name="Validar que no se pueda cancelar reserva" classname="Validar boton Cancelar Reserva" time="0.024"/>
  <system-out><![CDATA[]]></system-out>
  <system-err><![CDATA[]]></system-err>
</testsuite>
