<?xml version="1.0" encoding="UTF-8"?>
<testsuite name="Consultar Reservas" tests="2" skipped="0" failures="0" errors="0" timestamp="2022-04-29T18:35:31" hostname="DESKTOP-2BU34TH" time="28.811">
  <properties/>
  <testcase name="Consultar reserva exitosa" classname="Consultar Reservas" time="14.17"/>
  <testcase name="Consulta de reserva fallida" classname="Consultar Reservas" time="14.641"/>
  <system-out><![CDATA[]]></system-out>
  <system-err><![CDATA[abr 29, 2022 1:35:31 PM org.openqa.selenium.remote.DesiredCapabilities chrome
INFORMACIÓN: Using `new ChromeOptions()` is preferred to `DesiredCapabilities.chrome()`
Starting ChromeDriver 99.0.4844.35 (f60a827ddb87f1c403e07713751a5551d5856ac0-refs/branch-heads/4844@{#579}) on port 34433
Only local connections are allowed.
Please see https://chromedriver.chromium.org/security-considerations for suggestions on keeping ChromeDriver safe.
ChromeDriver was started successfully.
[1651257332.929][WARNING]: This version of ChromeDriver has not been tested with Chrome version 100.
abr 29, 2022 1:35:32 PM org.openqa.selenium.remote.ProtocolHandshake createSession
INFORMACIÓN: Detected dialect: W3C
abr 29, 2022 1:35:45 PM org.openqa.selenium.remote.DesiredCapabilities chrome
INFORMACIÓN: Using `new ChromeOptions()` is preferred to `DesiredCapabilities.chrome()`
Starting ChromeDriver 99.0.4844.35 (f60a827ddb87f1c403e07713751a5551d5856ac0-refs/branch-heads/4844@{#579}) on port 12029
Only local connections are allowed.
Please see https://chromedriver.chromium.org/security-considerations for suggestions on keeping ChromeDriver safe.
ChromeDriver was started successfully.
[1651257347.268][WARNING]: This version of ChromeDriver has not been tested with Chrome version 100.
abr 29, 2022 1:35:47 PM org.openqa.selenium.remote.ProtocolHandshake createSession
INFORMACIÓN: Detected dialect: W3C
]]></system-err>
</testsuite>
