<?xml version="1.0" encoding="UTF-8"?>
<testsuite name="Validacion de campos del formulario" tests="2" skipped="0" failures="0" errors="0" timestamp="2022-04-28T17:53:17" hostname="DESKTOP-2BU34TH" time="67.993">
  <properties/>
  <testcase name="validar campos obligatorios completos" classname="Validacion de campos del formulario" time="46.941"/>
  <testcase name="hora no seleccionada" classname="Validacion de campos del formulario" time="21.052"/>
  <system-out><![CDATA[]]></system-out>
  <system-err><![CDATA[abr 28, 2022 12:53:18 PM org.openqa.selenium.remote.DesiredCapabilities chrome
INFORMACIÓN: Using `new ChromeOptions()` is preferred to `DesiredCapabilities.chrome()`
Starting ChromeDriver 99.0.4844.35 (f60a827ddb87f1c403e07713751a5551d5856ac0-refs/branch-heads/4844@{#579}) on port 31853
Only local connections are allowed.
Please see https://chromedriver.chromium.org/security-considerations for suggestions on keeping ChromeDriver safe.
ChromeDriver was started successfully.
[1651168401.783][WARNING]: This version of ChromeDriver has not been tested with Chrome version 100.
abr 28, 2022 12:53:21 PM org.openqa.selenium.remote.ProtocolHandshake createSession
INFORMACIÓN: Detected dialect: W3C
abr 28, 2022 12:54:04 PM org.openqa.selenium.remote.DesiredCapabilities chrome
INFORMACIÓN: Using `new ChromeOptions()` is preferred to `DesiredCapabilities.chrome()`
Starting ChromeDriver 99.0.4844.35 (f60a827ddb87f1c403e07713751a5551d5856ac0-refs/branch-heads/4844@{#579}) on port 42688
Only local connections are allowed.
Please see https://chromedriver.chromium.org/security-considerations for suggestions on keeping ChromeDriver safe.
ChromeDriver was started successfully.
[1651168446.371][WARNING]: This version of ChromeDriver has not been tested with Chrome version 100.
abr 28, 2022 12:54:06 PM org.openqa.selenium.remote.ProtocolHandshake createSession
INFORMACIÓN: Detected dialect: W3C
]]></system-err>
</testsuite>
