<?xml version="1.0" encoding="UTF-8"?>
<testsuite name="Validar Horario" tests="2" skipped="0" failures="0" errors="0" timestamp="2022-04-29T18:34:31" hostname="DESKTOP-2BU34TH" time="0.045">
  <properties/>
  <testcase name="Mostrar el formulario de la fecha no disponible" classname="Validar Horario" time="0.024"/>
  <testcase name="Mostrar el formulario de la fecha inhabilitado para demas usuarios" classname="Validar Horario" time="0.021"/>
  <system-out><![CDATA[]]></system-out>
  <system-err><![CDATA[]]></system-err>
</testsuite>
