<?xml version="1.0" encoding="UTF-8"?>
<testsuite name="Validar boton reserva" tests="2" skipped="0" failures="0" errors="0" timestamp="2022-04-29T18:34:31" hostname="DESKTOP-2BU34TH" time="0.041">
  <properties/>
  <testcase name="Mostrar el boton reserva" classname="Validar boton reserva" time="0.023"/>
  <testcase name="Validar caracteristica boton reserva" classname="Validar boton reserva" time="0.017"/>
  <system-out><![CDATA[]]></system-out>
  <system-err><![CDATA[]]></system-err>
</testsuite>
