<?xml version="1.0" encoding="UTF-8"?>
<testsuite name="runner.historiausuario1.ValidarBotonReservaRunner" tests="0" skipped="0" failures="0" errors="0" timestamp="1970-01-01T00:00:00" hostname="DESKTOP-2BU34TH" time="0.0">
  <properties/>
  <system-out><![CDATA[
2 Scenarios (?[32m2 passed?[0m)
4 Steps (?[32m4 passed?[0m)
0m0,046s


]]></system-out>
  <system-err><![CDATA[]]></system-err>
</testsuite>
