<?xml version="1.0" encoding="UTF-8"?>
<testsuite name="Validacion de campos del formulario" tests="2" skipped="0" failures="0" errors="0" timestamp="2022-04-29T18:34:31" hostname="DESKTOP-2BU34TH" time="58.212">
  <properties/>
  <testcase name="validar campos obligatorios completos" classname="Validacion de campos del formulario" time="39.012"/>
  <testcase name="Hora no seleccionada" classname="Validacion de campos del formulario" time="19.2"/>
  <system-out><![CDATA[]]></system-out>
  <system-err><![CDATA[abr 29, 2022 1:34:31 PM org.openqa.selenium.remote.DesiredCapabilities chrome
INFORMACIÓN: Using `new ChromeOptions()` is preferred to `DesiredCapabilities.chrome()`
Starting ChromeDriver 99.0.4844.35 (f60a827ddb87f1c403e07713751a5551d5856ac0-refs/branch-heads/4844@{#579}) on port 35305
Only local connections are allowed.
Please see https://chromedriver.chromium.org/security-considerations for suggestions on keeping ChromeDriver safe.
ChromeDriver was started successfully.
[1651257275.415][WARNING]: This version of ChromeDriver has not been tested with Chrome version 100.
abr 29, 2022 1:34:35 PM org.openqa.selenium.remote.ProtocolHandshake createSession
INFORMACIÓN: Detected dialect: W3C
abr 29, 2022 1:35:10 PM org.openqa.selenium.remote.DesiredCapabilities chrome
INFORMACIÓN: Using `new ChromeOptions()` is preferred to `DesiredCapabilities.chrome()`
Starting ChromeDriver 99.0.4844.35 (f60a827ddb87f1c403e07713751a5551d5856ac0-refs/branch-heads/4844@{#579}) on port 5826
Only local connections are allowed.
Please see https://chromedriver.chromium.org/security-considerations for suggestions on keeping ChromeDriver safe.
ChromeDriver was started successfully.
[1651257312.598][WARNING]: This version of ChromeDriver has not been tested with Chrome version 100.
abr 29, 2022 1:35:12 PM org.openqa.selenium.remote.ProtocolHandshake createSession
INFORMACIÓN: Detected dialect: W3C
]]></system-err>
</testsuite>
