<?xml version="1.0" encoding="UTF-8"?>
<testsuite name="Modificar Reservas" tests="1" skipped="0" failures="0" errors="0" timestamp="2022-04-28T20:35:37" hostname="DESKTOP-2BU34TH" time="25.669">
  <properties/>
  <testcase name="Modificar Reserva" classname="Modificar Reservas" time="25.669"/>
  <system-out><![CDATA[]]></system-out>
  <system-err><![CDATA[abr 28, 2022 3:35:38 PM org.openqa.selenium.remote.DesiredCapabilities chrome
INFORMACIÓN: Using `new ChromeOptions()` is preferred to `DesiredCapabilities.chrome()`
Starting ChromeDriver 99.0.4844.35 (f60a827ddb87f1c403e07713751a5551d5856ac0-refs/branch-heads/4844@{#579}) on port 27673
Only local connections are allowed.
Please see https://chromedriver.chromium.org/security-considerations for suggestions on keeping ChromeDriver safe.
ChromeDriver was started successfully.
[1651178141.690][WARNING]: This version of ChromeDriver has not been tested with Chrome version 100.
abr 28, 2022 3:35:41 PM org.openqa.selenium.remote.ProtocolHandshake createSession
INFORMACIÓN: Detected dialect: W3C
]]></system-err>
</testsuite>
