<?xml version="1.0" encoding="UTF-8"?>
<testsuite name="Validacion de campos del formulario" tests="2" skipped="0" failures="0" errors="0" timestamp="2022-04-28T02:36:06" hostname="DESKTOP-2BU34TH" time="44.001">
  <properties/>
  <testcase name="validar campos obligatorios completos" classname="Validacion de campos del formulario" time="43.975"/>
  <testcase name="validar campos obligatorios incompletos" classname="Validacion de campos del formulario" time="0.026"/>
  <system-out><![CDATA[]]></system-out>
  <system-err><![CDATA[abr 27, 2022 9:36:07 PM org.openqa.selenium.remote.DesiredCapabilities chrome
INFORMACIÓN: Using `new ChromeOptions()` is preferred to `DesiredCapabilities.chrome()`
Starting ChromeDriver 99.0.4844.35 (f60a827ddb87f1c403e07713751a5551d5856ac0-refs/branch-heads/4844@{#579}) on port 22756
Only local connections are allowed.
Please see https://chromedriver.chromium.org/security-considerations for suggestions on keeping ChromeDriver safe.
ChromeDriver was started successfully.
[1651113370.483][WARNING]: This version of ChromeDriver has not been tested with Chrome version 100.
abr 27, 2022 9:36:10 PM org.openqa.selenium.remote.ProtocolHandshake createSession
INFORMACIÓN: Detected dialect: W3C
]]></system-err>
</testsuite>
