<?xml version="1.0" encoding="UTF-8"?>
<testsuite name="Cancelar Reserva" tests="1" skipped="0" failures="0" errors="0" timestamp="2022-04-29T18:36:23" hostname="DESKTOP-2BU34TH" time="0.03">
  <properties/>
  <testcase name="Cancelacion de reserva" classname="Cancelar Reserva" time="0.03"/>
  <system-out><![CDATA[]]></system-out>
  <system-err><![CDATA[]]></system-err>
</testsuite>
